# JRE version: OpenJDK Runtime Environment (8.0_171-b11) (build 1.8.0_171-8u171-b11-0ubuntu0.16.04.1-b11)
# Java VM: OpenJDK 64-Bit Server VM (25.171-b11 mixed mode linux-amd64 compressed oops)
Heap:
 PSYoungGen      total 27136K, used 16899K [0x00000000e1980000, 0x00000000e4380000, 0x0000000100000000)
  eden space 23552K, 56% used [0x00000000e1980000,0x00000000e2688800,0x00000000e3080000)
  from space 3584K, 99% used [0x00000000e3100000,0x00000000e3478470,0x00000000e3480000)
  to   space 9728K, 0% used [0x00000000e3a00000,0x00000000e3a00000,0x00000000e4380000)
 ParOldGen       total 62976K, used 11192K [0x00000000a4c00000, 0x00000000a8980000, 0x00000000e1980000)
  object space 62976K, 17% used [0x00000000a4c00000,0x00000000a56ee268,0x00000000a8980000)
 Metaspace       used 20391K, capacity 20674K, committed 20992K, reserved 1067008K
  class space    used 2406K, capacity 2496K, committed 2560K, reserved 1048576K
GC Heap History (10 events):
Event: 10,681 GC heap before
{Heap before GC invocations=1 (full 0):
 PSYoungGen      total 27648K, used 24064K [0x00000000e1980000, 0x00000000e3800000, 0x0000000100000000)
  eden space 24064K, 100% used [0x00000000e1980000,0x00000000e3100000,0x00000000e3100000)
  from space 3584K, 0% used [0x00000000e3480000,0x00000000e3480000,0x00000000e3800000)
  to   space 3584K, 0% used [0x00000000e3100000,0x00000000e3100000,0x00000000e3480000)
 ParOldGen       total 62976K, used 0K [0x00000000a4c00000, 0x00000000a8980000, 0x00000000e1980000)
  object space 62976K, 0% used [0x00000000a4c00000,0x00000000a4c00000,0x00000000a8980000)
 Metaspace       used 14655K, capacity 14830K, committed 14976K, reserved 1062912K
  class space    used 1730K, capacity 1810K, committed 1920K, reserved 1048576K
Event: 10,691 GC heap after
Heap after GC invocations=1 (full 0):
 PSYoungGen      total 27648K, used 3563K [0x00000000e1980000, 0x00000000e3800000, 0x0000000100000000)
  eden space 24064K, 0% used [0x00000000e1980000,0x00000000e1980000,0x00000000e3100000)
  from space 3584K, 99% used [0x00000000e3100000,0x00000000e347aeb8,0x00000000e3480000)
  to   space 3584K, 0% used [0x00000000e3480000,0x00000000e3480000,0x00000000e3800000)
 ParOldGen       total 62976K, used 3686K [0x00000000a4c00000, 0x00000000a8980000, 0x00000000e1980000)
  object space 62976K, 5% used [0x00000000a4c00000,0x00000000a4f99a18,0x00000000a8980000)
 Metaspace       used 14655K, capacity 14830K, committed 14976K, reserved 1062912K
  class space    used 1730K, capacity 1810K, committed 1920K, reserved 1048576K
}
Event: 18,910 GC heap before
{Heap before GC invocations=2 (full 0):
 PSYoungGen      total 27648K, used 27627K [0x00000000e1980000, 0x00000000e3800000, 0x0000000100000000)
  eden space 24064K, 100% used [0x00000000e1980000,0x00000000e3100000,0x00000000e3100000)
  from space 3584K, 99% used [0x00000000e3100000,0x00000000e347aeb8,0x00000000e3480000)
  to   space 3584K, 0% used [0x00000000e3480000,0x00000000e3480000,0x00000000e3800000)
 ParOldGen       total 62976K, used 3686K [0x00000000a4c00000, 0x00000000a8980000, 0x00000000e1980000)
  object space 62976K, 5% used [0x00000000a4c00000,0x00000000a4f99a18,0x00000000a8980000)
 Metaspace       used 17549K, capacity 17738K, committed 17920K, reserved 1064960K
  class space    used 2096K, capacity 2202K, committed 2304K, reserved 1048576K
Event: 18,919 GC heap after
Heap after GC invocations=2 (full 0):
 PSYoungGen      total 27648K, used 3574K [0x00000000e1980000, 0x00000000e3800000, 0x0000000100000000)
  eden space 24064K, 0% used [0x00000000e1980000,0x00000000e1980000,0x00000000e3100000)
  from space 3584K, 99% used [0x00000000e3480000,0x00000000e37fda68,0x00000000e3800000)
  to   space 3584K, 0% used [0x00000000e3100000,0x00000000e3100000,0x00000000e3480000)
 ParOldGen       total 62976K, used 8338K [0x00000000a4c00000, 0x00000000a8980000, 0x00000000e1980000)
  object space 62976K, 13% used [0x00000000a4c00000,0x00000000a5424b78,0x00000000a8980000)
 Metaspace       used 17549K, capacity 17738K, committed 17920K, reserved 1064960K
  class space    used 2096K, capacity 2202K, committed 2304K, reserved 1048576K
}
Event: 74,894 GC heap before
{Heap before GC invocations=3 (full 0):
 PSYoungGen      total 27648K, used 27638K [0x00000000e1980000, 0x00000000e3800000, 0x0000000100000000)
  eden space 24064K, 100% used [0x00000000e1980000,0x00000000e3100000,0x00000000e3100000)
  from space 3584K, 99% used [0x00000000e3480000,0x00000000e37fda68,0x00000000e3800000)
  to   space 3584K, 0% used [0x00000000e3100000,0x00000000e3100000,0x00000000e3480000)
 ParOldGen       total 62976K, used 8338K [0x00000000a4c00000, 0x00000000a8980000, 0x00000000e1980000)
  object space 62976K, 13% used [0x00000000a4c00000,0x00000000a5424b78,0x00000000a8980000)
 Metaspace       used 18783K, capacity 19018K, committed 19328K, reserved 1067008K
  class space    used 2223K, capacity 2330K, committed 2432K, reserved 1048576K
Event: 74,905 GC heap after
Heap after GC invocations=3 (full 0):
 PSYoungGen      total 27648K, used 3556K [0x00000000e1980000, 0x00000000e3800000, 0x0000000100000000)
  eden space 24064K, 0% used [0x00000000e1980000,0x00000000e1980000,0x00000000e3100000)
  from space 3584K, 99% used [0x00000000e3100000,0x00000000e34793a8,0x00000000e3480000)
  to   space 3584K, 0% used [0x00000000e3480000,0x00000000e3480000,0x00000000e3800000)
 ParOldGen       total 62976K, used 9830K [0x00000000a4c00000, 0x00000000a8980000, 0x00000000e1980000)
  object space 62976K, 15% used [0x00000000a4c00000,0x00000000a55999f8,0x00000000a8980000)
 Metaspace       used 18783K, capacity 19018K, committed 19328K, reserved 1067008K
  class space    used 2223K, capacity 2330K, committed 2432K, reserved 1048576K
}
Event: 95,346 GC heap before
{Heap before GC invocations=4 (full 0):
 PSYoungGen      total 27648K, used 27620K [0x00000000e1980000, 0x00000000e3800000, 0x0000000100000000)
  eden space 24064K, 100% used [0x00000000e1980000,0x00000000e3100000,0x00000000e3100000)
  from space 3584K, 99% used [0x00000000e3100000,0x00000000e34793a8,0x00000000e3480000)
  to   space 3584K, 0% used [0x00000000e3480000,0x00000000e3480000,0x00000000e3800000)
 ParOldGen       total 62976K, used 9830K [0x00000000a4c00000, 0x00000000a8980000, 0x00000000e1980000)
  object space 62976K, 15% used [0x00000000a4c00000,0x00000000a55999f8,0x00000000a8980000)
 Metaspace       used 19220K, capacity 19498K, committed 19840K, reserved 1067008K
  class space    used 2273K, capacity 2362K, committed 2432K, reserved 1048576K
Event: 95,356 GC heap after
Heap after GC invocations=4 (full 0):
 PSYoungGen      total 27648K, used 3569K [0x00000000e1980000, 0x00000000e3800000, 0x0000000100000000)
  eden space 24064K, 0% used [0x00000000e1980000,0x00000000e1980000,0x00000000e3100000)
  from space 3584K, 99% used [0x00000000e3480000,0x00000000e37fc460,0x00000000e3800000)
  to   space 3584K, 0% used [0x00000000e3100000,0x00000000e3100000,0x00000000e3480000)
 ParOldGen       total 62976K, used 11136K [0x00000000a4c00000, 0x00000000a8980000, 0x00000000e1980000)
  object space 62976K, 17% used [0x00000000a4c00000,0x00000000a56e0268,0x00000000a8980000)
 Metaspace       used 19220K, capacity 19498K, committed 19840K, reserved 1067008K
  class space    used 2273K, capacity 2362K, committed 2432K, reserved 1048576K
}
Event: 95,601 GC heap before
{Heap before GC invocations=5 (full 0):
 PSYoungGen      total 27648K, used 27633K [0x00000000e1980000, 0x00000000e3800000, 0x0000000100000000)
  eden space 24064K, 100% used [0x00000000e1980000,0x00000000e3100000,0x00000000e3100000)
  from space 3584K, 99% used [0x00000000e3480000,0x00000000e37fc460,0x00000000e3800000)
  to   space 3584K, 0% used [0x00000000e3100000,0x00000000e3100000,0x00000000e3480000)
 ParOldGen       total 62976K, used 11136K [0x00000000a4c00000, 0x00000000a8980000, 0x00000000e1980000)
  object space 62976K, 17% used [0x00000000a4c00000,0x00000000a56e0268,0x00000000a8980000)
 Metaspace       used 19251K, capacity 19498K, committed 19840K, reserved 1067008K
  class space    used 2274K, capacity 2362K, committed 2432K, reserved 1048576K
Event: 95,607 GC heap after
Heap after GC invocations=5 (full 0):
 PSYoungGen      total 27136K, used 3553K [0x00000000e1980000, 0x00000000e4380000, 0x0000000100000000)
  eden space 23552K, 0% used [0x00000000e1980000,0x00000000e1980000,0x00000000e3080000)
  from space 3584K, 99% used [0x00000000e3100000,0x00000000e3478470,0x00000000e3480000)
  to   space 9728K, 0% used [0x00000000e3a00000,0x00000000e3a00000,0x00000000e4380000)
 ParOldGen       total 62976K, used 11192K [0x00000000a4c00000, 0x00000000a8980000, 0x00000000e1980000)
  object space 62976K, 17% used [0x00000000a4c00000,0x00000000a56ee268,0x00000000a8980000)
 Metaspace       used 19251K, capacity 19498K, committed 19840K, reserved 1067008K
  class space    used 2274K, capacity 2362K, committed 2432K, reserved 1048576K
}

