# JRE version: OpenJDK Runtime Environment (8.0_181-b13) (build 1.8.0_181-8u181-b13-0ubuntu0.16.04.1-b13)
# Java VM: OpenJDK 64-Bit Server VM (25.181-b13 mixed mode linux-amd64 compressed oops)
Heap:
 PSYoungGen      total 27648K, used 11681K [0x00000000e1980000, 0x00000000e3800000, 0x0000000100000000)
  eden space 24064K, 33% used [0x00000000e1980000,0x00000000e216e9b8,0x00000000e3100000)
  from space 3584K, 99% used [0x00000000e3480000,0x00000000e37f9c98,0x00000000e3800000)
  to   space 3584K, 0% used [0x00000000e3100000,0x00000000e3100000,0x00000000e3480000)
 ParOldGen       total 62976K, used 12063K [0x00000000a4c00000, 0x00000000a8980000, 0x00000000e1980000)
  object space 62976K, 19% used [0x00000000a4c00000,0x00000000a57c7f10,0x00000000a8980000)
 Metaspace       used 20661K, capacity 20962K, committed 21248K, reserved 1069056K
  class space    used 2416K, capacity 2528K, committed 2560K, reserved 1048576K
GC Heap History (8 events):
Event: 5,823 GC heap before
{Heap before GC invocations=1 (full 0):
 PSYoungGen      total 27648K, used 24064K [0x00000000e1980000, 0x00000000e3800000, 0x0000000100000000)
  eden space 24064K, 100% used [0x00000000e1980000,0x00000000e3100000,0x00000000e3100000)
  from space 3584K, 0% used [0x00000000e3480000,0x00000000e3480000,0x00000000e3800000)
  to   space 3584K, 0% used [0x00000000e3100000,0x00000000e3100000,0x00000000e3480000)
 ParOldGen       total 62976K, used 0K [0x00000000a4c00000, 0x00000000a8980000, 0x00000000e1980000)
  object space 62976K, 0% used [0x00000000a4c00000,0x00000000a4c00000,0x00000000a8980000)
 Metaspace       used 14628K, capacity 14830K, committed 14976K, reserved 1062912K
  class space    used 1734K, capacity 1810K, committed 1920K, reserved 1048576K
Event: 5,833 GC heap after
Heap after GC invocations=1 (full 0):
 PSYoungGen      total 27648K, used 3565K [0x00000000e1980000, 0x00000000e3800000, 0x0000000100000000)
  eden space 24064K, 0% used [0x00000000e1980000,0x00000000e1980000,0x00000000e3100000)
  from space 3584K, 99% used [0x00000000e3100000,0x00000000e347b460,0x00000000e3480000)
  to   space 3584K, 0% used [0x00000000e3480000,0x00000000e3480000,0x00000000e3800000)
 ParOldGen       total 62976K, used 4073K [0x00000000a4c00000, 0x00000000a8980000, 0x00000000e1980000)
  object space 62976K, 6% used [0x00000000a4c00000,0x00000000a4ffa5e0,0x00000000a8980000)
 Metaspace       used 14628K, capacity 14830K, committed 14976K, reserved 1062912K
  class space    used 1734K, capacity 1810K, committed 1920K, reserved 1048576K
}
Event: 14,808 GC heap before
{Heap before GC invocations=2 (full 0):
 PSYoungGen      total 27648K, used 27629K [0x00000000e1980000, 0x00000000e3800000, 0x0000000100000000)
  eden space 24064K, 100% used [0x00000000e1980000,0x00000000e3100000,0x00000000e3100000)
  from space 3584K, 99% used [0x00000000e3100000,0x00000000e347b460,0x00000000e3480000)
  to   space 3584K, 0% used [0x00000000e3480000,0x00000000e3480000,0x00000000e3800000)
 ParOldGen       total 62976K, used 4073K [0x00000000a4c00000, 0x00000000a8980000, 0x00000000e1980000)
  object space 62976K, 6% used [0x00000000a4c00000,0x00000000a4ffa5e0,0x00000000a8980000)
 Metaspace       used 17667K, capacity 17898K, committed 18176K, reserved 1064960K
  class space    used 2116K, capacity 2234K, committed 2304K, reserved 1048576K
Event: 14,816 GC heap after
Heap after GC invocations=2 (full 0):
 PSYoungGen      total 27648K, used 3568K [0x00000000e1980000, 0x00000000e3800000, 0x0000000100000000)
  eden space 24064K, 0% used [0x00000000e1980000,0x00000000e1980000,0x00000000e3100000)
  from space 3584K, 99% used [0x00000000e3480000,0x00000000e37fc038,0x00000000e3800000)
  to   space 3584K, 0% used [0x00000000e3100000,0x00000000e3100000,0x00000000e3480000)
 ParOldGen       total 62976K, used 9268K [0x00000000a4c00000, 0x00000000a8980000, 0x00000000e1980000)
  object space 62976K, 14% used [0x00000000a4c00000,0x00000000a550d250,0x00000000a8980000)
 Metaspace       used 17667K, capacity 17898K, committed 18176K, reserved 1064960K
  class space    used 2116K, capacity 2234K, committed 2304K, reserved 1048576K
}
Event: 78,598 GC heap before
{Heap before GC invocations=3 (full 0):
 PSYoungGen      total 27648K, used 27632K [0x00000000e1980000, 0x00000000e3800000, 0x0000000100000000)
  eden space 24064K, 100% used [0x00000000e1980000,0x00000000e3100000,0x00000000e3100000)
  from space 3584K, 99% used [0x00000000e3480000,0x00000000e37fc038,0x00000000e3800000)
  to   space 3584K, 0% used [0x00000000e3100000,0x00000000e3100000,0x00000000e3480000)
 ParOldGen       total 62976K, used 9268K [0x00000000a4c00000, 0x00000000a8980000, 0x00000000e1980000)
  object space 62976K, 14% used [0x00000000a4c00000,0x00000000a550d250,0x00000000a8980000)
 Metaspace       used 18844K, capacity 19082K, committed 19328K, reserved 1067008K
  class space    used 2233K, capacity 2330K, committed 2432K, reserved 1048576K
Event: 78,607 GC heap after
Heap after GC invocations=3 (full 0):
 PSYoungGen      total 27648K, used 3552K [0x00000000e1980000, 0x00000000e3800000, 0x0000000100000000)
  eden space 24064K, 0% used [0x00000000e1980000,0x00000000e1980000,0x00000000e3100000)
  from space 3584K, 99% used [0x00000000e3100000,0x00000000e3478030,0x00000000e3480000)
  to   space 3584K, 0% used [0x00000000e3480000,0x00000000e3480000,0x00000000e3800000)
 ParOldGen       total 62976K, used 10840K [0x00000000a4c00000, 0x00000000a8980000, 0x00000000e1980000)
  object space 62976K, 17% used [0x00000000a4c00000,0x00000000a5696280,0x00000000a8980000)
 Metaspace       used 18844K, capacity 19082K, committed 19328K, reserved 1067008K
  class space    used 2233K, capacity 2330K, committed 2432K, reserved 1048576K
}
Event: 87,133 GC heap before
{Heap before GC invocations=4 (full 0):
 PSYoungGen      total 27648K, used 27616K [0x00000000e1980000, 0x00000000e3800000, 0x0000000100000000)
  eden space 24064K, 100% used [0x00000000e1980000,0x00000000e3100000,0x00000000e3100000)
  from space 3584K, 99% used [0x00000000e3100000,0x00000000e3478030,0x00000000e3480000)
  to   space 3584K, 0% used [0x00000000e3480000,0x00000000e3480000,0x00000000e3800000)
 ParOldGen       total 62976K, used 10840K [0x00000000a4c00000, 0x00000000a8980000, 0x00000000e1980000)
  object space 62976K, 17% used [0x00000000a4c00000,0x00000000a5696280,0x00000000a8980000)
 Metaspace       used 19925K, capacity 20220K, committed 20480K, reserved 1067008K
  class space    used 2376K, capacity 2495K, committed 2560K, reserved 1048576K
Event: 87,159 GC heap after
Heap after GC invocations=4 (full 0):
 PSYoungGen      total 27648K, used 3559K [0x00000000e1980000, 0x00000000e3800000, 0x0000000100000000)
  eden space 24064K, 0% used [0x00000000e1980000,0x00000000e1980000,0x00000000e3100000)
  from space 3584K, 99% used [0x00000000e3480000,0x00000000e37f9c98,0x00000000e3800000)
  to   space 3584K, 0% used [0x00000000e3100000,0x00000000e3100000,0x00000000e3480000)
 ParOldGen       total 62976K, used 12063K [0x00000000a4c00000, 0x00000000a8980000, 0x00000000e1980000)
  object space 62976K, 19% used [0x00000000a4c00000,0x00000000a57c7f10,0x00000000a8980000)
 Metaspace       used 19925K, capacity 20220K, committed 20480K, reserved 1067008K
  class space    used 2376K, capacity 2495K, committed 2560K, reserved 1048576K
}

